Using pre-set license
Built from '2020.3/staging' branch; Version is '2020.3.10f1 (297d780c91bc) revision 2719096'; Using compiler version '192528614'; Build Type 'Release'
OS: 'Windows 10 Home; OS build 19042.1237; Version 2009; 64bit' Language: 'en' Physical Memory: 15776 MB
BatchMode: 1, IsHumanControllingUs: 0, StartBugReporterOnCrash: 0, Is64bit: 1, IsPro: 0

 COMMAND LINE ARGUMENTS:
C:\Program Files\Unity\Hub\Editor\2020.3.10f1\Editor\Unity.exe
-adb2
-batchMode
-noUpm
-name
AssetImportWorker0
-projectPath
C:/Users/Jackson Westbrook/StrategyGamers
-logFile
Logs/AssetImportWorker0.log
-srvPort
58639
Successfully changed project path to: C:/Users/Jackson Westbrook/StrategyGamers
C:/Users/Jackson Westbrook/StrategyGamers
Using Asset Import Pipeline V2.
Refreshing native plugins compatible for Editor in 39.88 ms, found 3 plugins.
Preloading 0 native plugins for Editor in 0.00 ms.
Initialize engine version: 2020.3.10f1 (297d780c91bc)
[Subsystems] Discovering subsystems at path C:/Program Files/Unity/Hub/Editor/2020.3.10f1/Editor/Data/Resources/UnitySubsystems
[Subsystems] Discovering subsystems at path C:/Users/Jackson Westbrook/StrategyGamers/Assets
GfxDevice: creating device client; threaded=0
Direct3D:
    Version:  Direct3D 11.0 [level 11.1]
    Renderer: NVIDIA GeForce RTX 3060 Laptop GPU (ID=0x2520)
    Vendor:   
    VRAM:     6023 MB
    Driver:   30.0.14.7111
Initialize mono
Mono path[0] = 'C:/Program Files/Unity/Hub/Editor/2020.3.10f1/Editor/Data/Managed'
Mono path[1] = 'C:/Program Files/Unity/Hub/Editor/2020.3.10f1/Editor/Data/MonoBleedingEdge/lib/mono/unityjit'
Mono config path = 'C:/Program Files/Unity/Hub/Editor/2020.3.10f1/Editor/Data/MonoBleedingEdge/etc'
Using monoOptions --debugger-agent=transport=dt_socket,embedding=1,server=y,suspend=n,address=127.0.0.1:56372
Begin MonoManager ReloadAssembly
Registering precompiled unity dll's ...
Register platform support module: C:/Program Files/Unity/Hub/Editor/2020.3.10f1/Editor/Data/PlaybackEngines/WebGLSupport/UnityEditor.WebGL.Extensions.dll
Register platform support module: C:/Program Files/Unity/Hub/Editor/2020.3.10f1/Editor/Data/PlaybackEngines/MacStandaloneSupport/UnityEditor.OSXStandalone.Extensions.dll
Register platform support module: C:/Program Files/Unity/Hub/Editor/2020.3.10f1/Editor/Data/PlaybackEngines/WindowsStandaloneSupport/UnityEditor.WindowsStandalone.Extensions.dll
Registered in 0.002909 seconds.
Native extension for WindowsStandalone target not found
Native extension for OSXStandalone target not found
Native extension for WebGL target not found
Refreshing native plugins compatible for Editor in 38.92 ms, found 3 plugins.
Preloading 0 native plugins for Editor in 0.00 ms.
Mono: successfully reloaded assembly
- Completed reload, in  1.098 seconds
Platform modules already initialized, skipping
Registering precompiled user dll's ...
Registered in 0.004281 seconds.
Begin MonoManager ReloadAssembly
Native extension for WindowsStandalone target not found
Native extension for OSXStandalone target not found
Native extension for WebGL target not found
Refreshing native plugins compatible for Editor in 37.74 ms, found 3 plugins.
Preloading 0 native plugins for Editor in 0.00 ms.
Mono: successfully reloaded assembly
- Completed reload, in  1.020 seconds
Platform modules already initialized, skipping
========================================================================
Worker process is ready to serve import requests
Launched and connected shader compiler UnityShaderCompiler.exe after 0.05 seconds
Refreshing native plugins compatible for Editor in 0.49 ms, found 3 plugins.
Preloading 0 native plugins for Editor in 0.00 ms.
Unloading 2079 Unused Serialized files (Serialized files now loaded: 0)
System memory in use before: 92.8 MB.
System memory in use after: 92.8 MB.

Unloading 33 unused Assets to reduce memory usage. Loaded Objects now: 2512.
Total: 2.424100 ms (FindLiveObjects: 0.239200 ms CreateObjectMapping: 0.066500 ms MarkObjects: 1.989500 ms  DeleteObjects: 0.127500 ms)

========================================================================
Received Import Request.
  path: Assets
  artifactKey: Guid(00000000000000001000000000000000) Importer(815301076,1909f56bfc062723c751e8b465ee728b)
Start importing Assets using Guid(00000000000000001000000000000000) Importer(815301076,1909f56bfc062723c751e8b465ee728b)  -> (artifact id: '42d402b061de3733987d63b9cc3b64de') in 0.010497 seconds
  Import took 0.014039 seconds .

========================================================================
Received Import Request.
  Time since last request: 167.362751 seconds.
  path: Packages/com.unity.2d.sprite/Editor/ObjectMenuCreation/DefaultAssets/Textures/Square.png
  artifactKey: Guid(48e93eef0688c4a259cb0eddcd8661f7) Importer(815301076,1909f56bfc062723c751e8b465ee728b)
Start importing Packages/com.unity.2d.sprite/Editor/ObjectMenuCreation/DefaultAssets/Textures/Square.png using Guid(48e93eef0688c4a259cb0eddcd8661f7) Importer(815301076,1909f56bfc062723c751e8b465ee728b)  -> (artifact id: '67f9d2c87602c9de665cd5edc8b46197') in 0.091126 seconds
  Import took 0.094719 seconds .

========================================================================
Received Import Request.
  Time since last request: 0.013193 seconds.
  path: Packages/com.unity.2d.sprite/Editor/ObjectMenuCreation/DefaultAssets/Textures/Square.png
  artifactKey: Guid(48e93eef0688c4a259cb0eddcd8661f7) Importer(815301076,1909f56bfc062723c751e8b465ee728b)
Start importing Packages/com.unity.2d.sprite/Editor/ObjectMenuCreation/DefaultAssets/Textures/Square.png using Guid(48e93eef0688c4a259cb0eddcd8661f7) Importer(815301076,1909f56bfc062723c751e8b465ee728b)  -> (artifact id: '67f9d2c87602c9de665cd5edc8b46197') in 0.007066 seconds
  Import took 0.010241 seconds .

========================================================================
Received Import Request.
  Time since last request: 34.104268 seconds.
  path: Assets/Village.prefab
  artifactKey: Guid(7c09a64eb1f6627459b47d144456eaa1) Importer(815301076,1909f56bfc062723c751e8b465ee728b)
Start importing Assets/Village.prefab using Guid(7c09a64eb1f6627459b47d144456eaa1) Importer(815301076,1909f56bfc062723c751e8b465ee728b)  -> (artifact id: '0a8511248eb305e3b2567338d72cfbe8') in 0.039338 seconds
  Import took 0.043055 seconds .

========================================================================
Received Import Request.
  Time since last request: 0.000971 seconds.
  path: Assets/Village.prefab
  artifactKey: Guid(7c09a64eb1f6627459b47d144456eaa1) Importer(815301076,1909f56bfc062723c751e8b465ee728b)
Start importing Assets/Village.prefab using Guid(7c09a64eb1f6627459b47d144456eaa1) Importer(815301076,1909f56bfc062723c751e8b465ee728b)  -> (artifact id: '0a8511248eb305e3b2567338d72cfbe8') in 0.007699 seconds
  Import took 0.011090 seconds .

========================================================================
Received Import Request.
  Time since last request: 8.344757 seconds.
  path: Assets/Prefabs
  artifactKey: Guid(b6083739dd5d3de4f96078526b391864) Importer(815301076,1909f56bfc062723c751e8b465ee728b)
Start importing Assets/Prefabs using Guid(b6083739dd5d3de4f96078526b391864) Importer(815301076,1909f56bfc062723c751e8b465ee728b)  -> (artifact id: '156d255aabfd8af8ef84c447a122ea0a') in 0.005383 seconds
  Import took 0.008719 seconds .

========================================================================
Received Import Request.
  Time since last request: 38.248046 seconds.
  path: Assets/Prefabs/Castle.prefab
  artifactKey: Guid(4b8e8388998aba14b83c0db7c41ebe5e) Importer(815301076,1909f56bfc062723c751e8b465ee728b)
Start importing Assets/Prefabs/Castle.prefab using Guid(4b8e8388998aba14b83c0db7c41ebe5e) Importer(815301076,1909f56bfc062723c751e8b465ee728b)  -> (artifact id: '339a0ac055b811068803923b948bbe41') in 0.012348 seconds
  Import took 0.016658 seconds .

========================================================================
Received Import Request.
  Time since last request: 154.807878 seconds.
  path: Assets/Prefabs/Castle.prefab
  artifactKey: Guid(4b8e8388998aba14b83c0db7c41ebe5e) Importer(815301076,1909f56bfc062723c751e8b465ee728b)
Start importing Assets/Prefabs/Castle.prefab using Guid(4b8e8388998aba14b83c0db7c41ebe5e) Importer(815301076,1909f56bfc062723c751e8b465ee728b)  -> (artifact id: 'a0c264ec8dfafcb730d075a193b32129') in 0.011973 seconds
  Import took 0.016842 seconds .

========================================================================
Received Import Request.
  Time since last request: 25.858433 seconds.
  path: Assets/Prefabs/Square.prefab
  artifactKey: Guid(293554595bf21a4429796d01e8debfcc) Importer(815301076,1909f56bfc062723c751e8b465ee728b)
Start importing Assets/Prefabs/Square.prefab using Guid(293554595bf21a4429796d01e8debfcc) Importer(815301076,1909f56bfc062723c751e8b465ee728b)  -> (artifact id: '0196b66868df8b8dfcefc61ed1cc3dee') in 0.011752 seconds
  Import took 0.015370 seconds .

========================================================================
Received Import Request.
  Time since last request: 5.908867 seconds.
  path: Assets/Prefabs/King.prefab
  artifactKey: Guid(293554595bf21a4429796d01e8debfcc) Importer(815301076,1909f56bfc062723c751e8b465ee728b)
Start importing Assets/Prefabs/King.prefab using Guid(293554595bf21a4429796d01e8debfcc) Importer(815301076,1909f56bfc062723c751e8b465ee728b)  -> (artifact id: '36f42a5ef16d0820e106241af04eda42') in 0.012496 seconds
  Import took 0.016030 seconds .

========================================================================
Received Import Request.
  Time since last request: 368.361297 seconds.
  path: Assets/Prefabs/PlayerMovement.cs
  artifactKey: Guid(5a65e9184ab8a1946bf4bda278a4689b) Importer(815301076,1909f56bfc062723c751e8b465ee728b)
Start importing Assets/Prefabs/PlayerMovement.cs using Guid(5a65e9184ab8a1946bf4bda278a4689b) Importer(815301076,1909f56bfc062723c751e8b465ee728b)  -> (artifact id: '450464c7957eb16dab691351b6a3ba16') in 0.007838 seconds
  Import took 0.011364 seconds .

========================================================================
Received Prepare
Registering precompiled user dll's ...
Registered in 0.003253 seconds.
Begin MonoManager ReloadAssembly
Native extension for WindowsStandalone target not found
Native extension for OSXStandalone target not found
Native extension for WebGL target not found
Refreshing native plugins compatible for Editor in 0.44 ms, found 3 plugins.
Preloading 0 native plugins for Editor in 0.00 ms.
Mono: successfully reloaded assembly
- Completed reload, in  0.706 seconds
Platform modules already initialized, skipping
Refreshing native plugins compatible for Editor in 0.42 ms, found 3 plugins.
Preloading 0 native plugins for Editor in 0.00 ms.
Unloading 2075 Unused Serialized files (Serialized files now loaded: 0)
System memory in use before: 95.8 MB.
System memory in use after: 95.8 MB.

Unloading 21 unused Assets to reduce memory usage. Loaded Objects now: 2526.
Total: 2.274500 ms (FindLiveObjects: 0.188700 ms CreateObjectMapping: 0.057700 ms MarkObjects: 1.936400 ms  DeleteObjects: 0.090300 ms)

========================================================================
Received Prepare
Registering precompiled user dll's ...
Registered in 0.003126 seconds.
Begin MonoManager ReloadAssembly
Native extension for WindowsStandalone target not found
Native extension for OSXStandalone target not found
Native extension for WebGL target not found
Refreshing native plugins compatible for Editor in 0.45 ms, found 3 plugins.
Preloading 0 native plugins for Editor in 0.00 ms.
Mono: successfully reloaded assembly
- Completed reload, in  0.704 seconds
Platform modules already initialized, skipping
Refreshing native plugins compatible for Editor in 0.44 ms, found 3 plugins.
Preloading 0 native plugins for Editor in 0.00 ms.
Unloading 2075 Unused Serialized files (Serialized files now loaded: 0)
System memory in use before: 95.8 MB.
System memory in use after: 95.8 MB.

Unloading 21 unused Assets to reduce memory usage. Loaded Objects now: 2530.
Total: 2.037900 ms (FindLiveObjects: 0.164000 ms CreateObjectMapping: 0.049900 ms MarkObjects: 1.721300 ms  DeleteObjects: 0.101800 ms)

========================================================================
Received Import Request.
  Time since last request: 19.741818 seconds.
  path: Assets/NewBehaviourScript.cs
  artifactKey: Guid(f694f2926ae29bb4dbdac7746747e0cb) Importer(815301076,1909f56bfc062723c751e8b465ee728b)
Start importing Assets/NewBehaviourScript.cs using Guid(f694f2926ae29bb4dbdac7746747e0cb) Importer(815301076,1909f56bfc062723c751e8b465ee728b)  -> (artifact id: 'a552bfdbbbbfb2d2be4588ce3eb57d2f') in 0.008828 seconds
  Import took 0.012119 seconds .

========================================================================
Received Prepare
Registering precompiled user dll's ...
Registered in 0.003421 seconds.
Begin MonoManager ReloadAssembly
Native extension for WindowsStandalone target not found
Native extension for OSXStandalone target not found
Native extension for WebGL target not found
Refreshing native plugins compatible for Editor in 0.48 ms, found 3 plugins.
Preloading 0 native plugins for Editor in 0.00 ms.
Mono: successfully reloaded assembly
- Completed reload, in  0.722 seconds
Platform modules already initialized, skipping
Refreshing native plugins compatible for Editor in 0.46 ms, found 3 plugins.
Preloading 0 native plugins for Editor in 0.00 ms.
Unloading 2076 Unused Serialized files (Serialized files now loaded: 0)
System memory in use before: 95.9 MB.
System memory in use after: 95.9 MB.

Unloading 21 unused Assets to reduce memory usage. Loaded Objects now: 2535.
Total: 1.992800 ms (FindLiveObjects: 0.188800 ms CreateObjectMapping: 0.050300 ms MarkObjects: 1.661200 ms  DeleteObjects: 0.091600 ms)

========================================================================
Received Prepare
Registering precompiled user dll's ...
Registered in 0.003145 seconds.
Begin MonoManager ReloadAssembly
Native extension for WindowsStandalone target not found
Native extension for OSXStandalone target not found
Native extension for WebGL target not found
Refreshing native plugins compatible for Editor in 0.45 ms, found 3 plugins.
Preloading 0 native plugins for Editor in 0.00 ms.
Mono: successfully reloaded assembly
- Completed reload, in  0.688 seconds
Platform modules already initialized, skipping
Refreshing native plugins compatible for Editor in 0.47 ms, found 3 plugins.
Preloading 0 native plugins for Editor in 0.00 ms.
Unloading 2075 Unused Serialized files (Serialized files now loaded: 0)
System memory in use before: 95.9 MB.
System memory in use after: 95.9 MB.

Unloading 22 unused Assets to reduce memory usage. Loaded Objects now: 2538.
Total: 2.052300 ms (FindLiveObjects: 0.214900 ms CreateObjectMapping: 0.049400 ms MarkObjects: 1.690300 ms  DeleteObjects: 0.096800 ms)

========================================================================
Received Import Request.
  Time since last request: 12.666156 seconds.
  path: Assets/Scripts
  artifactKey: Guid(a21b9a16787682348b6ca399790460db) Importer(815301076,1909f56bfc062723c751e8b465ee728b)
Start importing Assets/Scripts using Guid(a21b9a16787682348b6ca399790460db) Importer(815301076,1909f56bfc062723c751e8b465ee728b)  -> (artifact id: 'da1b34f92158c8e2f153dc07b5e0ba8f') in 0.009897 seconds
  Import took 0.013245 seconds .

========================================================================
Received Import Request.
  Time since last request: 0.003644 seconds.
  path: Assets/Scripts
  artifactKey: Guid(a21b9a16787682348b6ca399790460db) Importer(815301076,1909f56bfc062723c751e8b465ee728b)
Start importing Assets/Scripts using Guid(a21b9a16787682348b6ca399790460db) Importer(815301076,1909f56bfc062723c751e8b465ee728b)  -> (artifact id: 'da1b34f92158c8e2f153dc07b5e0ba8f') in 0.002052 seconds
  Import took 0.005412 seconds .

========================================================================
Received Prepare
Registering precompiled user dll's ...
Registered in 0.003125 seconds.
Begin MonoManager ReloadAssembly
Native extension for WindowsStandalone target not found
Native extension for OSXStandalone target not found
Native extension for WebGL target not found
Refreshing native plugins compatible for Editor in 0.46 ms, found 3 plugins.
Preloading 0 native plugins for Editor in 0.00 ms.
Mono: successfully reloaded assembly
- Completed reload, in  0.720 seconds
Platform modules already initialized, skipping
Refreshing native plugins compatible for Editor in 0.44 ms, found 3 plugins.
Preloading 0 native plugins for Editor in 0.00 ms.
Unloading 2075 Unused Serialized files (Serialized files now loaded: 0)
System memory in use before: 95.9 MB.
System memory in use after: 95.9 MB.

Unloading 21 unused Assets to reduce memory usage. Loaded Objects now: 2542.
Total: 1.992300 ms (FindLiveObjects: 0.178700 ms CreateObjectMapping: 0.048700 ms MarkObjects: 1.672000 ms  DeleteObjects: 0.092000 ms)

========================================================================
Received Prepare
Registering precompiled user dll's ...
Registered in 0.003102 seconds.
Begin MonoManager ReloadAssembly
Native extension for WindowsStandalone target not found
Native extension for OSXStandalone target not found
Native extension for WebGL target not found
Refreshing native plugins compatible for Editor in 0.45 ms, found 3 plugins.
Preloading 0 native plugins for Editor in 0.00 ms.
Mono: successfully reloaded assembly
- Completed reload, in  0.716 seconds
Platform modules already initialized, skipping
Refreshing native plugins compatible for Editor in 0.43 ms, found 3 plugins.
Preloading 0 native plugins for Editor in 0.00 ms.
Unloading 2075 Unused Serialized files (Serialized files now loaded: 0)
System memory in use before: 95.9 MB.
System memory in use after: 95.9 MB.

Unloading 21 unused Assets to reduce memory usage. Loaded Objects now: 2546.
Total: 2.074900 ms (FindLiveObjects: 0.178200 ms CreateObjectMapping: 0.049700 ms MarkObjects: 1.753600 ms  DeleteObjects: 0.092400 ms)

========================================================================
Received Import Request.
  Time since last request: 328.709353 seconds.
  path: Assets/Scripts/PlayerMovement.cs
  artifactKey: Guid(5a65e9184ab8a1946bf4bda278a4689b) Importer(815301076,1909f56bfc062723c751e8b465ee728b)
Start importing Assets/Scripts/PlayerMovement.cs using Guid(5a65e9184ab8a1946bf4bda278a4689b) Importer(815301076,1909f56bfc062723c751e8b465ee728b)  -> (artifact id: 'fc363dad48101daa32eb19a548fe5e9b') in 0.004774 seconds
  Import took 0.007883 seconds .

========================================================================
Received Prepare
Registering precompiled user dll's ...
Registered in 0.004072 seconds.
Begin MonoManager ReloadAssembly
Native extension for WindowsStandalone target not found
Native extension for OSXStandalone target not found
Native extension for WebGL target not found
Refreshing native plugins compatible for Editor in 0.54 ms, found 3 plugins.
Preloading 0 native plugins for Editor in 0.00 ms.
Mono: successfully reloaded assembly
- Completed reload, in  0.930 seconds
Platform modules already initialized, skipping
Refreshing native plugins compatible for Editor in 0.54 ms, found 3 plugins.
Preloading 0 native plugins for Editor in 0.00 ms.
Unloading 2075 Unused Serialized files (Serialized files now loaded: 0)
System memory in use before: 95.9 MB.
System memory in use after: 95.9 MB.

Unloading 21 unused Assets to reduce memory usage. Loaded Objects now: 2550.
Total: 2.642700 ms (FindLiveObjects: 0.297200 ms CreateObjectMapping: 0.069500 ms MarkObjects: 2.156000 ms  DeleteObjects: 0.118500 ms)

========================================================================
Received Import Request.
  Time since last request: 145.446660 seconds.
  path: Assets/Prefabs/King.prefab
  artifactKey: Guid(293554595bf21a4429796d01e8debfcc) Importer(815301076,1909f56bfc062723c751e8b465ee728b)
Start importing Assets/Prefabs/King.prefab using Guid(293554595bf21a4429796d01e8debfcc) Importer(815301076,1909f56bfc062723c751e8b465ee728b)  -> (artifact id: '56e62fae765cad5aafd251735ba8a4b5') in 0.060381 seconds
  Import took 0.064383 seconds .

========================================================================
Received Import Request.
  Time since last request: 30.962297 seconds.
  path: ProjectSettings/TagManager.asset
  artifactKey: Guid(00000000000000003000000000000000) Importer(815301076,1909f56bfc062723c751e8b465ee728b)
Start importing ProjectSettings/TagManager.asset using Guid(00000000000000003000000000000000) Importer(815301076,1909f56bfc062723c751e8b465ee728b)  -> (artifact id: '95df672b4aaba54310d34c83eef51bb8') in 0.007256 seconds
  Import took 0.010889 seconds .

========================================================================
Received Prepare
Registering precompiled user dll's ...
Registered in 0.003989 seconds.
Begin MonoManager ReloadAssembly
Native extension for WindowsStandalone target not found
Native extension for OSXStandalone target not found
Native extension for WebGL target not found
Refreshing native plugins compatible for Editor in 0.51 ms, found 3 plugins.
Preloading 0 native plugins for Editor in 0.00 ms.
Mono: successfully reloaded assembly
- Completed reload, in  0.914 seconds
Platform modules already initialized, skipping
Refreshing native plugins compatible for Editor in 0.42 ms, found 3 plugins.
Preloading 0 native plugins for Editor in 0.00 ms.
Unloading 2075 Unused Serialized files (Serialized files now loaded: 0)
System memory in use before: 95.9 MB.
System memory in use after: 95.9 MB.

Unloading 22 unused Assets to reduce memory usage. Loaded Objects now: 2555.
Total: 2.238700 ms (FindLiveObjects: 0.188200 ms CreateObjectMapping: 0.050200 ms MarkObjects: 1.900600 ms  DeleteObjects: 0.099000 ms)

========================================================================
Received Prepare
Registering precompiled user dll's ...
Registered in 0.004070 seconds.
Begin MonoManager ReloadAssembly
Native extension for WindowsStandalone target not found
Native extension for OSXStandalone target not found
Native extension for WebGL target not found
Refreshing native plugins compatible for Editor in 0.51 ms, found 3 plugins.
Preloading 0 native plugins for Editor in 0.00 ms.
Mono: successfully reloaded assembly
- Completed reload, in  0.904 seconds
Platform modules already initialized, skipping
Refreshing native plugins compatible for Editor in 0.43 ms, found 3 plugins.
Preloading 0 native plugins for Editor in 0.00 ms.
Unloading 2075 Unused Serialized files (Serialized files now loaded: 0)
System memory in use before: 95.9 MB.
System memory in use after: 95.9 MB.

Unloading 21 unused Assets to reduce memory usage. Loaded Objects now: 2559.
Total: 2.085800 ms (FindLiveObjects: 0.221800 ms CreateObjectMapping: 0.051900 ms MarkObjects: 1.712900 ms  DeleteObjects: 0.098300 ms)

========================================================================
Received Prepare
Registering precompiled user dll's ...
Registered in 0.003123 seconds.
Begin MonoManager ReloadAssembly
Native extension for WindowsStandalone target not found
Native extension for OSXStandalone target not found
Native extension for WebGL target not found
Refreshing native plugins compatible for Editor in 0.44 ms, found 3 plugins.
Preloading 0 native plugins for Editor in 0.00 ms.
Mono: successfully reloaded assembly
- Completed reload, in  0.695 seconds
Platform modules already initialized, skipping
Refreshing native plugins compatible for Editor in 0.44 ms, found 3 plugins.
Preloading 0 native plugins for Editor in 0.00 ms.
Unloading 2075 Unused Serialized files (Serialized files now loaded: 0)
System memory in use before: 95.9 MB.
System memory in use after: 95.9 MB.

Unloading 21 unused Assets to reduce memory usage. Loaded Objects now: 2563.
Total: 2.111000 ms (FindLiveObjects: 0.202900 ms CreateObjectMapping: 0.042500 ms MarkObjects: 1.765600 ms  DeleteObjects: 0.098500 ms)

========================================================================
Received Prepare
Registering precompiled user dll's ...
Registered in 0.003122 seconds.
Begin MonoManager ReloadAssembly
Native extension for WindowsStandalone target not found
Native extension for OSXStandalone target not found
Native extension for WebGL target not found
Refreshing native plugins compatible for Editor in 0.46 ms, found 3 plugins.
Preloading 0 native plugins for Editor in 0.00 ms.
Mono: successfully reloaded assembly
- Completed reload, in  0.727 seconds
Platform modules already initialized, skipping
Refreshing native plugins compatible for Editor in 0.45 ms, found 3 plugins.
Preloading 0 native plugins for Editor in 0.00 ms.
Unloading 2075 Unused Serialized files (Serialized files now loaded: 0)
System memory in use before: 96.0 MB.
System memory in use after: 95.9 MB.

Unloading 21 unused Assets to reduce memory usage. Loaded Objects now: 2567.
Total: 2.381200 ms (FindLiveObjects: 0.295200 ms CreateObjectMapping: 0.059600 ms MarkObjects: 1.921000 ms  DeleteObjects: 0.104000 ms)

========================================================================
Received Import Request.
  Time since last request: 156.537102 seconds.
  path: Assets/Scenes
  artifactKey: Guid(0d8b62184657a5442ab20f1376548ca8) Importer(815301076,1909f56bfc062723c751e8b465ee728b)
Start importing Assets/Scenes using Guid(0d8b62184657a5442ab20f1376548ca8) Importer(815301076,1909f56bfc062723c751e8b465ee728b)  -> (artifact id: '08f32a825f0ce083a7f80a795af7a459') in 0.010131 seconds
  Import took 0.014305 seconds .

========================================================================
Received Prepare
Registering precompiled user dll's ...
Registered in 0.003275 seconds.
Begin MonoManager ReloadAssembly
Native extension for WindowsStandalone target not found
Native extension for OSXStandalone target not found
Native extension for WebGL target not found
Refreshing native plugins compatible for Editor in 0.44 ms, found 3 plugins.
Preloading 0 native plugins for Editor in 0.00 ms.
Mono: successfully reloaded assembly
- Completed reload, in  0.732 seconds
Platform modules already initialized, skipping
Refreshing native plugins compatible for Editor in 0.43 ms, found 3 plugins.
Preloading 0 native plugins for Editor in 0.00 ms.
Unloading 2075 Unused Serialized files (Serialized files now loaded: 0)
System memory in use before: 96.0 MB.
System memory in use after: 96.0 MB.

Unloading 21 unused Assets to reduce memory usage. Loaded Objects now: 2571.
Total: 2.264300 ms (FindLiveObjects: 0.190700 ms CreateObjectMapping: 0.064900 ms MarkObjects: 1.911500 ms  DeleteObjects: 0.096500 ms)

========================================================================
Received Import Request.
  Time since last request: 112.080287 seconds.
  path: Assets/SplitScreen.cs
  artifactKey: Guid(893ec2940b3baab4ab675802d2913d3b) Importer(815301076,1909f56bfc062723c751e8b465ee728b)
Start importing Assets/SplitScreen.cs using Guid(893ec2940b3baab4ab675802d2913d3b) Importer(815301076,1909f56bfc062723c751e8b465ee728b)  -> (artifact id: '43126c304247c463fa352c0f9d4c94f0') in 0.009035 seconds
  Import took 0.012322 seconds .

========================================================================
Received Prepare
Registering precompiled user dll's ...
Registered in 0.003300 seconds.
Begin MonoManager ReloadAssembly
Native extension for WindowsStandalone target not found
Native extension for OSXStandalone target not found
Native extension for WebGL target not found
Refreshing native plugins compatible for Editor in 0.44 ms, found 3 plugins.
Preloading 0 native plugins for Editor in 0.00 ms.
Mono: successfully reloaded assembly
- Completed reload, in  0.737 seconds
Platform modules already initialized, skipping
Refreshing native plugins compatible for Editor in 0.45 ms, found 3 plugins.
Preloading 0 native plugins for Editor in 0.00 ms.
Unloading 2076 Unused Serialized files (Serialized files now loaded: 0)
System memory in use before: 96.0 MB.
System memory in use after: 96.0 MB.

Unloading 21 unused Assets to reduce memory usage. Loaded Objects now: 2576.
Total: 2.237900 ms (FindLiveObjects: 0.228400 ms CreateObjectMapping: 0.052200 ms MarkObjects: 1.851300 ms  DeleteObjects: 0.104900 ms)

========================================================================
Received Prepare
Registering precompiled user dll's ...
Registered in 0.003138 seconds.
Begin MonoManager ReloadAssembly
Native extension for WindowsStandalone target not found
Native extension for OSXStandalone target not found
Native extension for WebGL target not found
Refreshing native plugins compatible for Editor in 0.46 ms, found 3 plugins.
Preloading 0 native plugins for Editor in 0.00 ms.
Mono: successfully reloaded assembly
- Completed reload, in  0.707 seconds
Platform modules already initialized, skipping
Refreshing native plugins compatible for Editor in 0.42 ms, found 3 plugins.
Preloading 0 native plugins for Editor in 0.00 ms.
Unloading 2076 Unused Serialized files (Serialized files now loaded: 0)
System memory in use before: 96.0 MB.
System memory in use after: 96.0 MB.

Unloading 21 unused Assets to reduce memory usage. Loaded Objects now: 2580.
Total: 2.044700 ms (FindLiveObjects: 0.184100 ms CreateObjectMapping: 0.051400 ms MarkObjects: 1.715500 ms  DeleteObjects: 0.092800 ms)

========================================================================
Received Import Request.
  Time since last request: 31.580406 seconds.
  path: Assets/SplitScreen.cs
  artifactKey: Guid(893ec2940b3baab4ab675802d2913d3b) Importer(815301076,1909f56bfc062723c751e8b465ee728b)
Start importing Assets/SplitScreen.cs using Guid(893ec2940b3baab4ab675802d2913d3b) Importer(815301076,1909f56bfc062723c751e8b465ee728b)  -> (artifact id: '89084d43bc5d5d33f4cea9d736e0ab78') in 0.004530 seconds
  Import took 0.007507 seconds .

========================================================================
Received Import Request.
  Time since last request: 135.451208 seconds.
  path: Assets/CamFollow.cs
  artifactKey: Guid(c553d8d06e51a434d93f7a938b51237c) Importer(815301076,1909f56bfc062723c751e8b465ee728b)
Start importing Assets/CamFollow.cs using Guid(c553d8d06e51a434d93f7a938b51237c) Importer(815301076,1909f56bfc062723c751e8b465ee728b)  -> (artifact id: 'ef92af874036ecbc724881382df96491') in 0.005613 seconds
  Import took 0.009136 seconds .

========================================================================
Received Prepare
Registering precompiled user dll's ...
Registered in 0.003100 seconds.
Begin MonoManager ReloadAssembly
Native extension for WindowsStandalone target not found
Native extension for OSXStandalone target not found
Native extension for WebGL target not found
Refreshing native plugins compatible for Editor in 0.52 ms, found 3 plugins.
Preloading 0 native plugins for Editor in 0.00 ms.
Mono: successfully reloaded assembly
- Completed reload, in  0.730 seconds
Platform modules already initialized, skipping
Refreshing native plugins compatible for Editor in 0.44 ms, found 3 plugins.
Preloading 0 native plugins for Editor in 0.00 ms.
Unloading 2077 Unused Serialized files (Serialized files now loaded: 0)
System memory in use before: 96.0 MB.
System memory in use after: 96.0 MB.

Unloading 21 unused Assets to reduce memory usage. Loaded Objects now: 2585.
Total: 2.135500 ms (FindLiveObjects: 0.213300 ms CreateObjectMapping: 0.051500 ms MarkObjects: 1.770500 ms  DeleteObjects: 0.098900 ms)

========================================================================
Received Prepare
Registering precompiled user dll's ...
Registered in 0.003135 seconds.
Begin MonoManager ReloadAssembly
Native extension for WindowsStandalone target not found
Native extension for OSXStandalone target not found
Native extension for WebGL target not found
Refreshing native plugins compatible for Editor in 0.52 ms, found 3 plugins.
Preloading 0 native plugins for Editor in 0.00 ms.
Mono: successfully reloaded assembly
- Completed reload, in  0.720 seconds
Platform modules already initialized, skipping
Refreshing native plugins compatible for Editor in 0.44 ms, found 3 plugins.
Preloading 0 native plugins for Editor in 0.00 ms.
Unloading 2077 Unused Serialized files (Serialized files now loaded: 0)
System memory in use before: 96.1 MB.
System memory in use after: 96.0 MB.

Unloading 21 unused Assets to reduce memory usage. Loaded Objects now: 2589.
Total: 2.127100 ms (FindLiveObjects: 0.221300 ms CreateObjectMapping: 0.052400 ms MarkObjects: 1.757200 ms  DeleteObjects: 0.095100 ms)

========================================================================
Received Import Request.
  Time since last request: 91.533965 seconds.
  path: Assets/CamFollow.cs
  artifactKey: Guid(c553d8d06e51a434d93f7a938b51237c) Importer(815301076,1909f56bfc062723c751e8b465ee728b)
Start importing Assets/CamFollow.cs using Guid(c553d8d06e51a434d93f7a938b51237c) Importer(815301076,1909f56bfc062723c751e8b465ee728b)  -> (artifact id: '6ab7e8adc9640d8f48e87d4e78525e92') in 0.005116 seconds
  Import took 0.008527 seconds .

AssetImportWorkerClient::OnTransportError - code=2 error=End of file
